<?xml version="1.0" encoding="UTF-8"?>
<!-- Generated by org.testng.reporters.JUnitXMLReporter -->
<testsuite hostname="DESKTOP-DUPNC9H" ignored="0" name="Default test" tests="3" failures="0" timestamp="2021-11-22T12:38:46 IST" time="53.353" errors="0">
  <testcase name="validateAddressDisplayTest" time="9.07" classname="com.testcases.SigninPageTest"/>
  <testcase name="validateLoginTest" time="8.675" classname="com.testcases.SigninPageTest"/>
  <testcase name="validateTitleTest" time="0.879" classname="com.testcases.SigninPageTest"/>
</testsuite> <!-- Default test -->
